<?xml version="1.0" encoding="UTF-8"?>
<!-- Generated by org.testng.reporters.JUnitXMLReporter -->
<testsuite ignored="50" hostname="Vicky" failures="1" tests="1" name="Default test" time="55.114" errors="0" timestamp="2023-12-08T16:30:19 IST">
  <testcase classname="S3_StgSettingsNegativeScenarios.All_Settings_Errors_Test" name="editBankAccountByGivingOneFieldDetailsTest" time="51.147">
    <failure type="org.openqa.selenium.NoSuchElementException" message="no such element: Unable to locate element: {&amp;quot;method&amp;quot;:&amp;quot;xpath&amp;quot;,&amp;quot;selector&amp;quot;:&amp;quot;//h5[text()=&amp;apos; Pavanik&amp;apos;]/../p[.=&amp;apos;23400000000118&amp;apos;]/following-sibling::p[contains(.,&amp;apos;Union Bank&amp;apos;)]/following-sibling::p[.=&amp;apos;UNIB1234569&amp;apos;]&amp;quot;}
  (Session info: chrome=119.0.6045.200)
For documentation on this error, please visit: https://www.selenium.dev/documentation/webdriver/troubleshooting/errors#no-such-element-exception
Build info: version: &amp;apos;4.14.1&amp;apos;, revision: &amp;apos;03f8ede370&amp;apos;
System info: os.name: &amp;apos;Windows 11&amp;apos;, os.arch: &amp;apos;amd64&amp;apos;, os.version: &amp;apos;10.0&amp;apos;, java.version: &amp;apos;18.0.1.1&amp;apos;
Driver info: org.openqa.selenium.chrome.ChromeDriver
Command: [4288d1e6b678bec32881f81d6db27edb, findElement {using=xpath, value=//h5[text()=&amp;apos; Pavanik&amp;apos;]/../p[.=&amp;apos;23400000000118&amp;apos;]/following-sibling::p[contains(.,&amp;apos;Union Bank&amp;apos;)]/following-sibling::p[.=&amp;apos;UNIB1234569&amp;apos;]}]
Capabilities {acceptInsecureCerts: false, browserName: chrome, browserVersion: 119.0.6045.200, chrome: {chromedriverVersion: 119.0.6045.105 (38c72552c5e..., userDataDir: C:\WINDOWS\TEMP\scoped_dir2...}, fedcm:accounts: true, goog:chromeOptions: {debuggerAddress: localhost:59299}, networkConnectionEnabled: false, pageLoadStrategy: normal, platformName: windows, proxy: Proxy(), se:cdp: ws://localhost:59299/devtoo..., se:cdpVersion: 119.0.6045.200, setWindowRect: true, strictFileInteractability: false, timeouts: {implicit: 0, pageLoad: 300000, script: 30000}, unhandledPromptBehavior: dismiss and notify, webauthn:extension:credBlob: true, webauthn:extension:largeBlob: true, webauthn:extension:minPinLength: true, webauthn:extension:prf: true, webauthn:virtualAuthenticators: true}
Session ID: 4288d1e6b678bec32881f81d6db27edb">
      <![CDATA[org.openqa.selenium.NoSuchElementException: no such element: Unable to locate element: {"method":"xpath","selector":"//h5[text()=' Pavanik']/../p[.='23400000000118']/following-sibling::p[contains(.,'Union Bank')]/following-sibling::p[.='UNIB1234569']"}
  (Session info: chrome=119.0.6045.200)
For documentation on this error, please visit: https://www.selenium.dev/documentation/webdriver/troubleshooting/errors#no-such-element-exception
Build info: version: '4.14.1', revision: '03f8ede370'
System info: os.name: 'Windows 11', os.arch: 'amd64', os.version: '10.0', java.version: '18.0.1.1'
Driver info: org.openqa.selenium.chrome.ChromeDriver
Command: [4288d1e6b678bec32881f81d6db27edb, findElement {using=xpath, value=//h5[text()=' Pavanik']/../p[.='23400000000118']/following-sibling::p[contains(.,'Union Bank')]/following-sibling::p[.='UNIB1234569']}]
Capabilities {acceptInsecureCerts: false, browserName: chrome, browserVersion: 119.0.6045.200, chrome: {chromedriverVersion: 119.0.6045.105 (38c72552c5e..., userDataDir: C:\WINDOWS\TEMP\scoped_dir2...}, fedcm:accounts: true, goog:chromeOptions: {debuggerAddress: localhost:59299}, networkConnectionEnabled: false, pageLoadStrategy: normal, platformName: windows, proxy: Proxy(), se:cdp: ws://localhost:59299/devtoo..., se:cdpVersion: 119.0.6045.200, setWindowRect: true, strictFileInteractability: false, timeouts: {implicit: 0, pageLoad: 300000, script: 30000}, unhandledPromptBehavior: dismiss and notify, webauthn:extension:credBlob: true, webauthn:extension:largeBlob: true, webauthn:extension:minPinLength: true, webauthn:extension:prf: true, webauthn:virtualAuthenticators: true}
Session ID: 4288d1e6b678bec32881f81d6db27edb
at java.base/jdk.internal.reflect.DirectConstructorHandleAccessor.newInstance(DirectConstructorHandleAccessor.java:67)
at java.base/java.lang.reflect.Constructor.newInstanceWithCaller(Constructor.java:499)
at java.base/java.lang.reflect.Constructor.newInstance(Constructor.java:483)
at org.openqa.selenium.remote.codec.w3c.W3CHttpResponseCodec.createException(W3CHttpResponseCodec.java:200)
at org.openqa.selenium.remote.codec.w3c.W3CHttpResponseCodec.decode(W3CHttpResponseCodec.java:133)
at org.openqa.selenium.remote.codec.w3c.W3CHttpResponseCodec.decode(W3CHttpResponseCodec.java:52)
at org.openqa.selenium.remote.HttpCommandExecutor.execute(HttpCommandExecutor.java:191)
at org.openqa.selenium.remote.service.DriverCommandExecutor.invokeExecute(DriverCommandExecutor.java:200)
at org.openqa.selenium.remote.service.DriverCommandExecutor.execute(DriverCommandExecutor.java:175)
at org.openqa.selenium.remote.RemoteWebDriver.execute(RemoteWebDriver.java:602)
at org.openqa.selenium.remote.ElementLocation$ElementFinder$2.findElement(ElementLocation.java:165)
at org.openqa.selenium.remote.ElementLocation.findElement(ElementLocation.java:59)
at org.openqa.selenium.remote.RemoteWebDriver.findElement(RemoteWebDriver.java:359)
at org.openqa.selenium.remote.RemoteWebDriver.findElement(RemoteWebDriver.java:353)
at S3_StgSettingsNegativeScenarios.All_Settings_Errors_Test.editBankAccountByGivingOneFieldDetailsTest(All_Settings_Errors_Test.java:2821)
at java.base/jdk.internal.reflect.DirectMethodHandleAccessor.invoke(DirectMethodHandleAccessor.java:104)
at java.base/java.lang.reflect.Method.invoke(Method.java:577)
at org.testng.internal.invokers.MethodInvocationHelper.invokeMethod(MethodInvocationHelper.java:139)
at org.testng.internal.invokers.TestInvoker.invokeMethod(TestInvoker.java:677)
at org.testng.internal.invokers.TestInvoker.invokeTestMethod(TestInvoker.java:221)
at org.testng.internal.invokers.MethodRunner.runInSequence(MethodRunner.java:50)
at org.testng.internal.invokers.TestInvoker$MethodInvocationAgent.invoke(TestInvoker.java:962)
at org.testng.internal.invokers.TestInvoker.invokeTestMethods(TestInvoker.java:194)
at org.testng.internal.invokers.TestMethodWorker.invokeTestMethods(TestMethodWorker.java:148)
at org.testng.internal.invokers.TestMethodWorker.run(TestMethodWorker.java:128)
at java.base/java.util.ArrayList.forEach(ArrayList.java:1511)
at org.testng.TestRunner.privateRun(TestRunner.java:806)
at org.testng.TestRunner.run(TestRunner.java:601)
at org.testng.SuiteRunner.runTest(SuiteRunner.java:433)
at org.testng.SuiteRunner.runSequentially(SuiteRunner.java:427)
at org.testng.SuiteRunner.privateRun(SuiteRunner.java:387)
at org.testng.SuiteRunner.run(SuiteRunner.java:330)
at org.testng.SuiteRunnerWorker.runSuite(SuiteRunnerWorker.java:52)
at org.testng.SuiteRunnerWorker.run(SuiteRunnerWorker.java:95)
at org.testng.TestNG.runSuitesSequentially(TestNG.java:1256)
at org.testng.TestNG.runSuitesLocally(TestNG.java:1176)
at org.testng.TestNG.runSuites(TestNG.java:1099)
at org.testng.TestNG.run(TestNG.java:1067)
at org.testng.remote.AbstractRemoteTestNG.run(AbstractRemoteTestNG.java:115)
at org.testng.remote.RemoteTestNG.initAndRun(RemoteTestNG.java:251)
at org.testng.remote.RemoteTestNG.main(RemoteTestNG.java:77)
]]>
    </failure>
  </testcase> <!-- editBankAccountByGivingOneFieldDetailsTest -->
  <testcase classname="S3_StgSettingsNegativeScenarios.All_Settings_Errors_Test" name="addressWithoutGivingDataInAnyFieldsErrorTest" time="0.0">
    <ignored/>
  </testcase> <!-- addressWithoutGivingDataInAnyFieldsErrorTest -->
  <testcase classname="S3_StgSettingsNegativeScenarios.All_Settings_Errors_Test" name="EmailSpecialCharsGivenErrorTest" time="0.0">
    <ignored/>
  </testcase> <!-- EmailSpecialCharsGivenErrorTest -->
  <testcase classname="S3_StgSettingsNegativeScenarios.All_Settings_Errors_Test" name="nomineeGivingSpecialCharsInAllFieldsClickOnSubmitErrorTest" time="0.0">
    <ignored/>
  </testcase> <!-- nomineeGivingSpecialCharsInAllFieldsClickOnSubmitErrorTest -->
  <testcase classname="S3_StgSettingsNegativeScenarios.All_Settings_Errors_Test" name="nomineeGivingOnlyNamePhNoAddressDetailsClickOnSubmitErrorTest" time="0.0">
    <ignored/>
  </testcase> <!-- nomineeGivingOnlyNamePhNoAddressDetailsClickOnSubmitErrorTest -->
  <testcase classname="S3_StgSettingsNegativeScenarios.All_Settings_Errors_Test" name="nomineeGivingOnlyNameAndPhNoDetailsClickOnSubmitErrorTest" time="0.0">
    <ignored/>
  </testcase> <!-- nomineeGivingOnlyNameAndPhNoDetailsClickOnSubmitErrorTest -->
  <testcase classname="S3_StgSettingsNegativeScenarios.All_Settings_Errors_Test" name="mobileNumberInvalidGivenErrorErrorTest" time="0.0">
    <ignored/>
  </testcase> <!-- mobileNumberInvalidGivenErrorErrorTest -->
  <testcase classname="S3_StgSettingsNegativeScenarios.All_Settings_Errors_Test" name="KycPanDetailsAsSpecialCharsGivenErrorTest" time="0.0">
    <ignored/>
  </testcase> <!-- KycPanDetailsAsSpecialCharsGivenErrorTest -->
  <testcase classname="S3_StgSettingsNegativeScenarios.All_Settings_Errors_Test" name="addingBankAccountByGivingOnlyNameErrorTest" time="0.0">
    <ignored/>
  </testcase> <!-- addingBankAccountByGivingOnlyNameErrorTest -->
  <testcase classname="S3_StgSettingsNegativeScenarios.All_Settings_Errors_Test" name="addressGivingInvalidDetailsToTitleCityStatePincodeAddressFieldsErrorTest" time="0.0">
    <ignored/>
  </testcase> <!-- addressGivingInvalidDetailsToTitleCityStatePincodeAddressFieldsErrorTest -->
  <testcase classname="S3_StgSettingsNegativeScenarios.All_Settings_Errors_Test" name="nomineeGivingAllInvalidDetailsDetailsClickOnSubmitErrorTest" time="0.0">
    <ignored/>
  </testcase> <!-- nomineeGivingAllInvalidDetailsDetailsClickOnSubmitErrorTest -->
  <testcase classname="S3_StgSettingsNegativeScenarios.All_Settings_Errors_Test" name="addressGivingOnlyTitleCityStateFieldsErrorTest" time="0.0">
    <ignored/>
  </testcase> <!-- addressGivingOnlyTitleCityStateFieldsErrorTest -->
  <testcase classname="S3_StgSettingsNegativeScenarios.All_Settings_Errors_Test" name="enteringOnlyFatherNameAndClickOnSubmitOfKYCModuleErrorTest" time="0.0">
    <ignored/>
  </testcase> <!-- enteringOnlyFatherNameAndClickOnSubmitOfKYCModuleErrorTest -->
  <testcase classname="S3_StgSettingsNegativeScenarios.All_Settings_Errors_Test" name="nomineeWithoutGivingAnyDetailsClickOnSubmitErrorTest" time="0.0">
    <ignored/>
  </testcase> <!-- nomineeWithoutGivingAnyDetailsClickOnSubmitErrorTest -->
  <testcase classname="S3_StgSettingsNegativeScenarios.All_Settings_Errors_Test" name="edtingExistingAddressGivingSingleFieldDataClickSubmitTest" time="0.0">
    <ignored/>
  </testcase> <!-- edtingExistingAddressGivingSingleFieldDataClickSubmitTest -->
  <testcase classname="S3_StgSettingsNegativeScenarios.All_Settings_Errors_Test" name="clickOnTicketsLnkGetSettingsPageErrorTest" time="0.0">
    <ignored/>
  </testcase> <!-- clickOnTicketsLnkGetSettingsPageErrorTest -->
  <testcase classname="S3_StgSettingsNegativeScenarios.All_Settings_Errors_Test" name="nomineeDeletionErrorTest" time="0.0">
    <ignored/>
  </testcase> <!-- nomineeDeletionErrorTest -->
  <testcase classname="S3_StgSettingsNegativeScenarios.All_Settings_Errors_Test" name="mobileNumberChangingErrorTest" time="0.0">
    <ignored/>
  </testcase> <!-- mobileNumberChangingErrorTest -->
  <testcase classname="S3_StgSettingsNegativeScenarios.All_Settings_Errors_Test" name="nomineeGivingOnlyNamePhNoAddressCityStateDetailsClickOnSubmitErrorTest" time="0.0">
    <ignored/>
  </testcase> <!-- nomineeGivingOnlyNamePhNoAddressCityStateDetailsClickOnSubmitErrorTest -->
  <testcase classname="S3_StgSettingsNegativeScenarios.All_Settings_Errors_Test" name="enteringOnlyPhoneNoClickOnSubmitOfKYCModuleErrorTest" time="0.0">
    <ignored/>
  </testcase> <!-- enteringOnlyPhoneNoClickOnSubmitOfKYCModuleErrorTest -->
  <testcase classname="S3_StgSettingsNegativeScenarios.All_Settings_Errors_Test" name="enterOnlyFatherNameAndClickOnSubmitOfKYCModuleErrorTest" time="0.0">
    <ignored/>
  </testcase> <!-- enterOnlyFatherNameAndClickOnSubmitOfKYCModuleErrorTest -->
  <testcase classname="S3_StgSettingsNegativeScenarios.All_Settings_Errors_Test" name="addressGivingOnlyTitleFieldsErrorTest" time="0.0">
    <ignored/>
  </testcase> <!-- addressGivingOnlyTitleFieldsErrorTest -->
  <testcase classname="S3_StgSettingsNegativeScenarios.All_Settings_Errors_Test" name="clickOnFeedbackLnkGetSettingsPageErrorTest" time="0.0">
    <ignored/>
  </testcase> <!-- clickOnFeedbackLnkGetSettingsPageErrorTest -->
  <testcase classname="S3_StgSettingsNegativeScenarios.All_Settings_Errors_Test" name="clickOnSettingsAndNoValuesGivingtoAllAccountFieldsErrorTest" time="0.0">
    <ignored/>
  </testcase> <!-- clickOnSettingsAndNoValuesGivingtoAllAccountFieldsErrorTest -->
  <testcase classname="S3_StgSettingsNegativeScenarios.All_Settings_Errors_Test" name="AccountEmailNotGivenTextErrorTest" time="0.0">
    <ignored/>
  </testcase> <!-- AccountEmailNotGivenTextErrorTest -->
  <testcase classname="S3_StgSettingsNegativeScenarios.All_Settings_Errors_Test" name="enteringOnlyPanAndAadharNumsClickOnSubmitOfKYCModuleErrorTest" time="0.0">
    <ignored/>
  </testcase> <!-- enteringOnlyPanAndAadharNumsClickOnSubmitOfKYCModuleErrorTest -->
  <testcase classname="S3_StgSettingsNegativeScenarios.All_Settings_Errors_Test" name="nomineeGivingOnlyNameDetailsClickOnSubmitErrorTest" time="0.0">
    <ignored/>
  </testcase> <!-- nomineeGivingOnlyNameDetailsClickOnSubmitErrorTest -->
  <testcase classname="S3_StgSettingsNegativeScenarios.All_Settings_Errors_Test" name="addingBankAccountByGivingNameAccountNumErrorTest" time="0.0">
    <ignored/>
  </testcase> <!-- addingBankAccountByGivingNameAccountNumErrorTest -->
  <testcase classname="S3_StgSettingsNegativeScenarios.All_Settings_Errors_Test" name="addressGivingOnlyTitleCityFieldsErrorTest" time="0.0">
    <ignored/>
  </testcase> <!-- addressGivingOnlyTitleCityFieldsErrorTest -->
  <testcase classname="S3_StgSettingsNegativeScenarios.All_Settings_Errors_Test" name="addressGivingOnlyTitleCityStatePincodeFieldsErrorTest" time="0.0">
    <ignored/>
  </testcase> <!-- addressGivingOnlyTitleCityStatePincodeFieldsErrorTest -->
  <testcase classname="S3_StgSettingsNegativeScenarios.All_Settings_Errors_Test" name="nomineeGivingOnlyNameAddressCityAlphaNumericSpecialCharDetailsClickOnSubmitErrorTest" time="0.0">
    <ignored/>
  </testcase> <!-- nomineeGivingOnlyNameAddressCityAlphaNumericSpecialCharDetailsClickOnSubmitErrorTest -->
  <testcase classname="S3_StgSettingsNegativeScenarios.All_Settings_Errors_Test" name="clickOnEditAddressClearDataAndClickSubmitWhileEditingAddressTest" time="0.0">
    <ignored/>
  </testcase> <!-- clickOnEditAddressClearDataAndClickSubmitWhileEditingAddressTest -->
  <testcase classname="S3_StgSettingsNegativeScenarios.All_Settings_Errors_Test" name="editBankAccountByGivingSpecialCharsAlphanNumericsTest" time="0.0">
    <ignored/>
  </testcase> <!-- editBankAccountByGivingSpecialCharsAlphanNumericsTest -->
  <testcase classname="S3_StgSettingsNegativeScenarios.All_Settings_Errors_Test" name="addingBankAccountWithoutGivingAnyDataErrorTest" time="0.0">
    <ignored/>
  </testcase> <!-- addingBankAccountWithoutGivingAnyDataErrorTest -->
  <testcase classname="S3_StgSettingsNegativeScenarios.All_Settings_Errors_Test" name="deletePrimaryAccountErrorTest" time="0.0">
    <ignored/>
  </testcase> <!-- deletePrimaryAccountErrorTest -->
  <testcase classname="S3_StgSettingsNegativeScenarios.All_Settings_Errors_Test" name="nomineeGivingOnlyNamePhNoAddressCityStateCountryPincodeRelationDetailsClickOnSubmitErrorTest" time="0.0">
    <ignored/>
  </testcase> <!-- nomineeGivingOnlyNamePhNoAddressCityStateCountryPincodeRelationDetailsClickOnSubmitErrorTest -->
  <testcase classname="S3_StgSettingsNegativeScenarios.All_Settings_Errors_Test" name="enteringInvalidDataInAllKycFeildsErrorTest" time="0.0">
    <ignored/>
  </testcase> <!-- enteringInvalidDataInAllKycFeildsErrorTest -->
  <testcase classname="S3_StgSettingsNegativeScenarios.All_Settings_Errors_Test" name="clickOnSettingsAndGivingInvalidDetailstoAllAccountFieldsErrorTest" time="0.0">
    <ignored/>
  </testcase> <!-- clickOnSettingsAndGivingInvalidDetailstoAllAccountFieldsErrorTest -->
  <testcase classname="S3_StgSettingsNegativeScenarios.All_Settings_Errors_Test" name="deleteNonPrimaryAccountErrorTest" time="0.0">
    <ignored/>
  </testcase> <!-- deleteNonPrimaryAccountErrorTest -->
  <testcase classname="S3_StgSettingsNegativeScenarios.All_Settings_Errors_Test" name="editBankAccountWithoutGivingDetailsTest" time="0.0">
    <ignored/>
  </testcase> <!-- editBankAccountWithoutGivingDetailsTest -->
  <testcase classname="S3_StgSettingsNegativeScenarios.All_Settings_Errors_Test" name="nomineeGivingOnlyNamePhNoAddressCityDetailsClickOnSubmitErrorTest" time="0.0">
    <ignored/>
  </testcase> <!-- nomineeGivingOnlyNamePhNoAddressCityDetailsClickOnSubmitErrorTest -->
  <testcase classname="S3_StgSettingsNegativeScenarios.All_Settings_Errors_Test" name="deletingPrimaryBankAccountErrorTest" time="0.0">
    <ignored/>
  </testcase> <!-- deletingPrimaryBankAccountErrorTest -->
  <testcase classname="S3_StgSettingsNegativeScenarios.All_Settings_Errors_Test" name="edtingExistingAddressGivingAlphaNumericsAndSpecialCharsClickSubmitTest" time="0.0">
    <ignored/>
  </testcase> <!-- edtingExistingAddressGivingAlphaNumericsAndSpecialCharsClickSubmitTest -->
  <testcase classname="S3_StgSettingsNegativeScenarios.All_Settings_Errors_Test" name="AccountNameNotGivenErrorTest" time="0.0">
    <ignored/>
  </testcase> <!-- AccountNameNotGivenErrorTest -->
  <testcase classname="S3_StgSettingsNegativeScenarios.All_Settings_Errors_Test" name="addressGivingOnlyTitleCityStatePincodeAddressFieldsErrorTest" time="0.0">
    <ignored/>
  </testcase> <!-- addressGivingOnlyTitleCityStatePincodeAddressFieldsErrorTest -->
  <testcase classname="S3_StgSettingsNegativeScenarios.All_Settings_Errors_Test" name="AccountMobileNumGiven0ErrorTest" time="0.0">
    <ignored/>
  </testcase> <!-- AccountMobileNumGiven0ErrorTest -->
  <testcase classname="S3_StgSettingsNegativeScenarios.All_Settings_Errors_Test" name="enteringOnlySpouseNameAndClickOnSubmitOfKYCModuleErrorTest" time="0.0">
    <ignored/>
  </testcase> <!-- enteringOnlySpouseNameAndClickOnSubmitOfKYCModuleErrorTest -->
  <testcase classname="S3_StgSettingsNegativeScenarios.All_Settings_Errors_Test" name="nomineeGivingOnlyNamePhNoAddressCityStateCountryPincodeDetailsClickOnSubmitErrorTest" time="0.0">
    <ignored/>
  </testcase> <!-- nomineeGivingOnlyNamePhNoAddressCityStateCountryPincodeDetailsClickOnSubmitErrorTest -->
  <testcase classname="S3_StgSettingsNegativeScenarios.All_Settings_Errors_Test" name="clearAllKYCFeildDetailsClickOnSubmitErrorTest" time="0.0">
    <ignored/>
  </testcase> <!-- clearAllKYCFeildDetailsClickOnSubmitErrorTest -->
  <testcase classname="S3_StgSettingsNegativeScenarios.All_Settings_Errors_Test" name="edtingExistingAddressWithoutGivingDataClickSubmitTest" time="0.0">
    <ignored/>
  </testcase> <!-- edtingExistingAddressWithoutGivingDataClickSubmitTest -->
  <testcase classname="S3_StgSettingsNegativeScenarios.All_Settings_Errors_Test" name="nomineeGivingOnlyNamePhNoAddressCityStateCountryDetailsClickOnSubmitErrorTest" time="0.0">
    <ignored/>
  </testcase> <!-- nomineeGivingOnlyNamePhNoAddressCityStateCountryDetailsClickOnSubmitErrorTest -->
</testsuite> <!-- Default test -->
